#
# A fatal error has been detected by the Java Runtime Environment:
#
#  SIGSEGV (0xb) at pc=0x000000011076496e, pid=45424, tid=7171
#
# JRE version: Java(TM) SE Runtime Environment (8.0_51-b16) (build 1.8.0_51-b16)
# Java VM: Java HotSpot(TM) 64-Bit Server VM (25.51-b03 mixed mode bsd-amd64 compressed oops)
# Problematic frame:
# V  [libjvm.dylib+0x16496e]
#
# Failed to write core dump. Core dumps have been disabled. To enable core dumping, try "ulimit -c unlimited" before starting Java again
#
# If you would like to submit a bug report, please visit:
#   http://bugreport.java.com/bugreport/crash.jsp
# The crash happened outside the Java Virtual Machine in native code.
# See problematic frame for where to report the bug.
#

---------------  T H R E A D  ---------------

Current thread (0x00007f8619801800):  JavaThread "main" [_thread_in_native, id=7171, stack(0x000070000551e000,0x000070000561e000)]

siginfo: si_signo: 11 (SIGSEGV), si_code: 1 (SEGV_MAPERR), si_addr: 0x0000000000000270

Registers:
RAX=0x0000000000000000, RBX=0x0000000000000000, RCX=0x00007f8618b59a88, RDX=0x0000000000000004
RSP=0x000070000561a360, RBP=0x000070000561a370, RSI=0x0000000000000006, RDI=0x000070000561a388
R8 =0x0000000000000000, R9 =0x000000012a36f338, R10=0x0000000000000030, R11=0x0000000000000068
R12=0x000070000561a388, R13=0x000000013b4e0280, R14=0x00007f86168171f8, R15=0x0000000000000000
RIP=0x000000011076496e, EFLAGS=0x0000000000010246, ERR=0x0000000000000006
  TRAPNO=0x000000000000000e

Top of Stack: (sp=0x000070000561a360)
0x000070000561a360:   00007f8615c526d8 00007f86168171f8
0x000070000561a370:   000070000561a3b0 00000001109061b3
0x000070000561a380:   0000000000000000 0000000000000000
0x000070000561a390:   000070000561a4c0 0000000000000000
0x000070000561a3a0:   0f6450532f1f004b 00007f8619801800
0x000070000561a3b0:   000070000561a3f0 0000000130c38781
0x000070000561a3c0:   00007f8619801800 00007f8619801800
0x000070000561a3d0:   000000011090617e 0000000000000000
0x000070000561a3e0:   00007f86168171f8 00007f8618b59a88
0x000070000561a3f0:   000070000561b570 0000000130c38583
0x000070000561a400:   000000011aa3b100 000000011aa45de0
0x000070000561a410:   000070000561a470 000000011aa0b74b
0x000070000561a420:   000070000561ad18 000070000561ac78
0x000070000561a430:   000070000561a5a0 000000000561acc0
0x000070000561a440:   00007f86198d6e48 000070000561a490
0x000070000561a450:   0000000000000030 0000700000000000
0x000070000561a460:   000000000561a4b0 00007f86198d6e48
0x000070000561a470:   00007f8618b59ad8 00007f8616b76380
0x000070000561a480:   00007f86198d6800 0000000133bf1e40
0x000070000561a490:   00007f8615e6e400 00007f8615e19798
0x000070000561a4a0:   00007f8615e197a0 00007f8615e6e408
0x000070000561a4b0:   00007f8617c74df0 00007f8617c74df8
0x000070000561a4c0:   0000000000000000 00007f8619b17da8
0x000070000561a4d0:   00007f86198f7fe8 0000000000000000
0x000070000561a4e0:   0000000000000000 0000000000000000
0x000070000561a4f0:   0000000000000000 0000000000000000
0x000070000561a500:   0000000000000000 0000000000000000
0x000070000561a510:   0000000000000000 0000000000000000
0x000070000561a520:   0000000000000000 0000000000000000
0x000070000561a530:   00007f86198f7fe8 00007f8619b17da8
0x000070000561a540:   000070000561b650 00007f86198019f8
0x000070000561a550:   000070000561a5a0 000070000561acc0 

Instructions: (pc=0x000000011076496e)
0x000000011076494e:   0e 48 8b 0b 49 8b 56 18 48 63 c0 48 89 0c c2 5b
0x000000011076495e:   41 5e 5d c3 90 90 55 48 89 e5 41 56 53 48 8b 1f
0x000000011076496e:   c7 83 70 02 00 00 05 00 00 00 48 8d 05 b9 d3 75
0x000000011076497e:   00 8b 00 83 f8 01 41 89 f6 75 0c 48 8d 0d 06 3b 

Register to memory mapping:

RAX=0x0000000000000000 is an unknown value
RBX=0x0000000000000000 is an unknown value
RCX=0x00007f8618b59a88 is an unknown value
RDX=0x0000000000000004 is an unknown value
RSP=0x000070000561a360 is pointing into the stack for thread: 0x00007f8619801800
RBP=0x000070000561a370 is pointing into the stack for thread: 0x00007f8619801800
RSI=0x0000000000000006 is an unknown value
RDI=0x000070000561a388 is pointing into the stack for thread: 0x00007f8619801800
R8 =0x0000000000000000 is an unknown value
R9 =0x000000012a36f338 is pointing into metadata
R10=0x0000000000000030 is an unknown value
R11=0x0000000000000068 is an unknown value
R12=0x000070000561a388 is pointing into the stack for thread: 0x00007f8619801800
R13=0x000000013b4e0280 is pointing into metadata
R14=0x00007f86168171f8 is an unknown value
R15=0x0000000000000000 is an unknown value


Stack: [0x000070000551e000,0x000070000561e000],  sp=0x000070000561a360,  free space=1008k
Native frames: (J=compiled Java code, j=interpreted, Vv=VM code, C=native code)
V  [libjvm.dylib+0x16496e]
V  [libjvm.dylib+0x3061b3]
C  [libclntsh.dylib.12.1+0xf0a781]  freeknjxsctxrowlcrcache+0x41
C  [libclntsh.dylib.12.1+0xf0a583]  Java_oracle_streams_XStreamOut_XStreamOutDetachNative+0x833
j  oracle.streams.XStreamOut.XStreamOutDetachNative(JJI)V+0
j  oracle.streams.XStreamOut.detach(I)V+10
j  io.confluent.kafka.connect.cdc.xstream.XStreamOutputImpl.detach()V+5
j  io.confluent.kafka.connect.cdc.xstream.XStreamSourceTask12cTest.stop()V+4
v  ~StubRoutines::call_stub
V  [libjvm.dylib+0x2e01e2]
V  [libjvm.dylib+0x4b4066]
V  [libjvm.dylib+0x4b4580]
V  [libjvm.dylib+0x3303b8]
j  sun.reflect.NativeMethodAccessorImpl.invoke0(Ljava/lang/reflect/Method;Ljava/lang/Object;[Ljava/lang/Object;)Ljava/lang/Object;+0
j  sun.reflect.NativeMethodAccessorImpl.invoke(Ljava/lang/Object;[Ljava/lang/Object;)Ljava/lang/Object;+100
J 2832 C1 sun.reflect.DelegatingMethodAccessorImpl.invoke(Ljava/lang/Object;[Ljava/lang/Object;)Ljava/lang/Object; (10 bytes) @ 0x000000011aba40cc [0x000000011aba3fc0+0x10c]
J 2835 C1 java.lang.reflect.Method.invoke(Ljava/lang/Object;[Ljava/lang/Object;)Ljava/lang/Object; (62 bytes) @ 0x000000011acc1ad4 [0x000000011acc16e0+0x3f4]
j  org.junit.platform.commons.util.ReflectionUtils.invokeMethod(Ljava/lang/reflect/Method;Ljava/lang/Object;[Ljava/lang/Object;)Ljava/lang/Object;+41
j  org.junit.jupiter.engine.execution.ExecutableInvoker.invoke(Ljava/lang/reflect/Method;Ljava/lang/Object;Lorg/junit/jupiter/api/extension/ExtensionContext;Lorg/junit/jupiter/engine/extension/ExtensionRegistry;)Ljava/lang/Object;+32
j  org.junit.jupiter.engine.descriptor.ClassTestDescriptor.invokeMethodInTestExtensionContext(Ljava/lang/reflect/Method;Lorg/junit/jupiter/api/extension/TestExtensionContext;Lorg/junit/jupiter/engine/extension/ExtensionRegistry;)V+32
j  org.junit.jupiter.engine.descriptor.ClassTestDescriptor.lambda$synthesizeAfterEachMethodAdapter$11(Ljava/lang/reflect/Method;Lorg/junit/jupiter/api/extension/TestExtensionContext;Lorg/junit/jupiter/engine/extension/ExtensionRegistry;)V+4
j  org.junit.jupiter.engine.descriptor.ClassTestDescriptor$$Lambda$207.invokeAfterEachMethod(Lorg/junit/jupiter/api/extension/TestExtensionContext;Lorg/junit/jupiter/engine/extension/ExtensionRegistry;)V+10
j  org.junit.jupiter.engine.descriptor.MethodTestDescriptor.lambda$null$10(Lorg/junit/jupiter/engine/execution/AfterEachMethodAdapter;Lorg/junit/jupiter/api/extension/TestExtensionContext;Lorg/junit/jupiter/engine/extension/ExtensionRegistry;)V+3
j  org.junit.jupiter.engine.descriptor.MethodTestDescriptor$$Lambda$217.execute()V+12
j  org.junit.jupiter.engine.execution.ThrowableCollector.execute(Lorg/junit/jupiter/api/function/Executable;)V+1
j  org.junit.jupiter.engine.descriptor.MethodTestDescriptor.lambda$invokeAllAfterMethodsOrCallbacks$14(Ljava/util/function/BiFunction;Lorg/junit/jupiter/api/extension/TestExtensionContext;Lorg/junit/jupiter/engine/execution/ThrowableCollector;Lorg/junit/jupiter/api/extension/Extension;)V+16
j  org.junit.jupiter.engine.descriptor.MethodTestDescriptor$$Lambda$158.accept(Ljava/lang/Object;)V+16
j  java.util.ArrayList.forEach(Ljava/util/function/Consumer;)V+47
j  org.junit.jupiter.engine.descriptor.MethodTestDescriptor.invokeAllAfterMethodsOrCallbacks(Lorg/junit/jupiter/engine/execution/JupiterEngineExecutionContext;Ljava/util/function/BiFunction;Ljava/lang/Class;)V+37
j  org.junit.jupiter.engine.descriptor.MethodTestDescriptor.invokeAfterEachMethods(Lorg/junit/jupiter/engine/execution/JupiterEngineExecutionContext;)V+15
j  org.junit.jupiter.engine.descriptor.MethodTestDescriptor.execute(Lorg/junit/jupiter/engine/execution/JupiterEngineExecutionContext;)Lorg/junit/jupiter/engine/execution/JupiterEngineExecutionContext;+53
j  org.junit.jupiter.engine.descriptor.MethodTestDescriptor.execute(Lorg/junit/platform/engine/support/hierarchical/EngineExecutionContext;)Lorg/junit/platform/engine/support/hierarchical/EngineExecutionContext;+5
j  org.junit.platform.engine.support.hierarchical.HierarchicalTestExecutor.lambda$execute$0(Lorg/junit/platform/engine/support/hierarchical/EngineExecutionContext;Lorg/junit/platform/engine/support/hierarchical/Node;Lorg/junit/platform/engine/TestDescriptor;)V+16
j  org.junit.platform.engine.support.hierarchical.HierarchicalTestExecutor$$Lambda$116.execute()V+16
j  org.junit.platform.engine.support.hierarchical.SingleTestExecutor.executeSafely(Lorg/junit/platform/engine/support/hierarchical/SingleTestExecutor$Executable;)Lorg/junit/platform/engine/TestExecutionResult;+1
j  org.junit.platform.engine.support.hierarchical.HierarchicalTestExecutor.execute(Lorg/junit/platform/engine/TestDescriptor;Lorg/junit/platform/engine/support/hierarchical/EngineExecutionContext;)V+116
j  org.junit.platform.engine.support.hierarchical.HierarchicalTestExecutor.lambda$execute$0(Lorg/junit/platform/engine/support/hierarchical/EngineExecutionContext;Lorg/junit/platform/engine/support/hierarchical/Node;Lorg/junit/platform/engine/TestDescriptor;)V+72
j  org.junit.platform.engine.support.hierarchical.HierarchicalTestExecutor$$Lambda$116.execute()V+16
j  org.junit.platform.engine.support.hierarchical.SingleTestExecutor.executeSafely(Lorg/junit/platform/engine/support/hierarchical/SingleTestExecutor$Executable;)Lorg/junit/platform/engine/TestExecutionResult;+1
j  org.junit.platform.engine.support.hierarchical.HierarchicalTestExecutor.execute(Lorg/junit/platform/engine/TestDescriptor;Lorg/junit/platform/engine/support/hierarchical/EngineExecutionContext;)V+116
j  org.junit.platform.engine.support.hierarchical.HierarchicalTestExecutor.lambda$execute$0(Lorg/junit/platform/engine/support/hierarchical/EngineExecutionContext;Lorg/junit/platform/engine/support/hierarchical/Node;Lorg/junit/platform/engine/TestDescriptor;)V+72
j  org.junit.platform.engine.support.hierarchical.HierarchicalTestExecutor$$Lambda$116.execute()V+16
j  org.junit.platform.engine.support.hierarchical.SingleTestExecutor.executeSafely(Lorg/junit/platform/engine/support/hierarchical/SingleTestExecutor$Executable;)Lorg/junit/platform/engine/TestExecutionResult;+1
j  org.junit.platform.engine.support.hierarchical.HierarchicalTestExecutor.execute(Lorg/junit/platform/engine/TestDescriptor;Lorg/junit/platform/engine/support/hierarchical/EngineExecutionContext;)V+116
j  org.junit.platform.engine.support.hierarchical.HierarchicalTestExecutor.execute()V+9
j  org.junit.platform.engine.support.hierarchical.HierarchicalTestEngine.execute(Lorg/junit/platform/engine/ExecutionRequest;)V+13
j  org.junit.platform.launcher.core.DefaultLauncher.execute(Lorg/junit/platform/launcher/core/Root;Lorg/junit/platform/engine/ConfigurationParameters;)V+92
j  org.junit.platform.launcher.core.DefaultLauncher.execute(Lorg/junit/platform/launcher/LauncherDiscoveryRequest;)V+21
j  com.intellij.junit5.JUnit5IdeaTestRunner.startRunnerWithArgs([Ljava/lang/String;Ljava/lang/String;IZ)I+151
j  com.intellij.rt.execution.junit.IdeaTestRunner$Repeater.startRunnerWithArgs(Lcom/intellij/rt/execution/junit/IdeaTestRunner;[Ljava/lang/String;Ljava/util/ArrayList;Ljava/lang/String;IZ)I+20
j  com.intellij.rt.execution.junit.JUnitStarter.prepareStreamsAndStart([Ljava/lang/String;Ljava/lang/String;Ljava/util/ArrayList;Ljava/lang/String;)I+116
j  com.intellij.rt.execution.junit.JUnitStarter.main([Ljava/lang/String;)V+116
v  ~StubRoutines::call_stub
V  [libjvm.dylib+0x2e01e2]
V  [libjvm.dylib+0x4b4066]
V  [libjvm.dylib+0x4b4580]
V  [libjvm.dylib+0x3303b8]
j  sun.reflect.NativeMethodAccessorImpl.invoke0(Ljava/lang/reflect/Method;Ljava/lang/Object;[Ljava/lang/Object;)Ljava/lang/Object;+0
j  sun.reflect.NativeMethodAccessorImpl.invoke(Ljava/lang/Object;[Ljava/lang/Object;)Ljava/lang/Object;+100
j  sun.reflect.DelegatingMethodAccessorImpl.invoke(Ljava/lang/Object;[Ljava/lang/Object;)Ljava/lang/Object;+6
j  java.lang.reflect.Method.invoke(Ljava/lang/Object;[Ljava/lang/Object;)Ljava/lang/Object;+56
j  com.intellij.rt.execution.application.AppMain.main([Ljava/lang/String;)V+170
v  ~StubRoutines::call_stub
V  [libjvm.dylib+0x2e01e2]
V  [libjvm.dylib+0x3168ee]
V  [libjvm.dylib+0x30f668]
C  [java+0x393e]  JavaMain+0x9b1
C  [libsystem_pthread.dylib+0x3abb]  _pthread_body+0xb4
C  [libsystem_pthread.dylib+0x3a07]  _pthread_body+0x0
C  [libsystem_pthread.dylib+0x3231]  thread_start+0xd
C  0x0000000000000000

Java frames: (J=compiled Java code, j=interpreted, Vv=VM code)
j  oracle.streams.XStreamOut.XStreamOutDetachNative(JJI)V+0
j  oracle.streams.XStreamOut.detach(I)V+10
j  io.confluent.kafka.connect.cdc.xstream.XStreamOutputImpl.detach()V+5
j  io.confluent.kafka.connect.cdc.xstream.XStreamSourceTask12cTest.stop()V+4
v  ~StubRoutines::call_stub
j  sun.reflect.NativeMethodAccessorImpl.invoke0(Ljava/lang/reflect/Method;Ljava/lang/Object;[Ljava/lang/Object;)Ljava/lang/Object;+0
j  sun.reflect.NativeMethodAccessorImpl.invoke(Ljava/lang/Object;[Ljava/lang/Object;)Ljava/lang/Object;+100
J 2832 C1 sun.reflect.DelegatingMethodAccessorImpl.invoke(Ljava/lang/Object;[Ljava/lang/Object;)Ljava/lang/Object; (10 bytes) @ 0x000000011aba40cc [0x000000011aba3fc0+0x10c]
J 2835 C1 java.lang.reflect.Method.invoke(Ljava/lang/Object;[Ljava/lang/Object;)Ljava/lang/Object; (62 bytes) @ 0x000000011acc1ad4 [0x000000011acc16e0+0x3f4]
j  org.junit.platform.commons.util.ReflectionUtils.invokeMethod(Ljava/lang/reflect/Method;Ljava/lang/Object;[Ljava/lang/Object;)Ljava/lang/Object;+41
j  org.junit.jupiter.engine.execution.ExecutableInvoker.invoke(Ljava/lang/reflect/Method;Ljava/lang/Object;Lorg/junit/jupiter/api/extension/ExtensionContext;Lorg/junit/jupiter/engine/extension/ExtensionRegistry;)Ljava/lang/Object;+32
j  org.junit.jupiter.engine.descriptor.ClassTestDescriptor.invokeMethodInTestExtensionContext(Ljava/lang/reflect/Method;Lorg/junit/jupiter/api/extension/TestExtensionContext;Lorg/junit/jupiter/engine/extension/ExtensionRegistry;)V+32
j  org.junit.jupiter.engine.descriptor.ClassTestDescriptor.lambda$synthesizeAfterEachMethodAdapter$11(Ljava/lang/reflect/Method;Lorg/junit/jupiter/api/extension/TestExtensionContext;Lorg/junit/jupiter/engine/extension/ExtensionRegistry;)V+4
j  org.junit.jupiter.engine.descriptor.ClassTestDescriptor$$Lambda$207.invokeAfterEachMethod(Lorg/junit/jupiter/api/extension/TestExtensionContext;Lorg/junit/jupiter/engine/extension/ExtensionRegistry;)V+10
j  org.junit.jupiter.engine.descriptor.MethodTestDescriptor.lambda$null$10(Lorg/junit/jupiter/engine/execution/AfterEachMethodAdapter;Lorg/junit/jupiter/api/extension/TestExtensionContext;Lorg/junit/jupiter/engine/extension/ExtensionRegistry;)V+3
j  org.junit.jupiter.engine.descriptor.MethodTestDescriptor$$Lambda$217.execute()V+12
j  org.junit.jupiter.engine.execution.ThrowableCollector.execute(Lorg/junit/jupiter/api/function/Executable;)V+1
j  org.junit.jupiter.engine.descriptor.MethodTestDescriptor.lambda$invokeAllAfterMethodsOrCallbacks$14(Ljava/util/function/BiFunction;Lorg/junit/jupiter/api/extension/TestExtensionContext;Lorg/junit/jupiter/engine/execution/ThrowableCollector;Lorg/junit/jupiter/api/extension/Extension;)V+16
j  org.junit.jupiter.engine.descriptor.MethodTestDescriptor$$Lambda$158.accept(Ljava/lang/Object;)V+16
j  java.util.ArrayList.forEach(Ljava/util/function/Consumer;)V+47
j  org.junit.jupiter.engine.descriptor.MethodTestDescriptor.invokeAllAfterMethodsOrCallbacks(Lorg/junit/jupiter/engine/execution/JupiterEngineExecutionContext;Ljava/util/function/BiFunction;Ljava/lang/Class;)V+37
j  org.junit.jupiter.engine.descriptor.MethodTestDescriptor.invokeAfterEachMethods(Lorg/junit/jupiter/engine/execution/JupiterEngineExecutionContext;)V+15
j  org.junit.jupiter.engine.descriptor.MethodTestDescriptor.execute(Lorg/junit/jupiter/engine/execution/JupiterEngineExecutionContext;)Lorg/junit/jupiter/engine/execution/JupiterEngineExecutionContext;+53
j  org.junit.jupiter.engine.descriptor.MethodTestDescriptor.execute(Lorg/junit/platform/engine/support/hierarchical/EngineExecutionContext;)Lorg/junit/platform/engine/support/hierarchical/EngineExecutionContext;+5
j  org.junit.platform.engine.support.hierarchical.HierarchicalTestExecutor.lambda$execute$0(Lorg/junit/platform/engine/support/hierarchical/EngineExecutionContext;Lorg/junit/platform/engine/support/hierarchical/Node;Lorg/junit/platform/engine/TestDescriptor;)V+16
j  org.junit.platform.engine.support.hierarchical.HierarchicalTestExecutor$$Lambda$116.execute()V+16
j  org.junit.platform.engine.support.hierarchical.SingleTestExecutor.executeSafely(Lorg/junit/platform/engine/support/hierarchical/SingleTestExecutor$Executable;)Lorg/junit/platform/engine/TestExecutionResult;+1
j  org.junit.platform.engine.support.hierarchical.HierarchicalTestExecutor.execute(Lorg/junit/platform/engine/TestDescriptor;Lorg/junit/platform/engine/support/hierarchical/EngineExecutionContext;)V+116
j  org.junit.platform.engine.support.hierarchical.HierarchicalTestExecutor.lambda$execute$0(Lorg/junit/platform/engine/support/hierarchical/EngineExecutionContext;Lorg/junit/platform/engine/support/hierarchical/Node;Lorg/junit/platform/engine/TestDescriptor;)V+72
j  org.junit.platform.engine.support.hierarchical.HierarchicalTestExecutor$$Lambda$116.execute()V+16
j  org.junit.platform.engine.support.hierarchical.SingleTestExecutor.executeSafely(Lorg/junit/platform/engine/support/hierarchical/SingleTestExecutor$Executable;)Lorg/junit/platform/engine/TestExecutionResult;+1
j  org.junit.platform.engine.support.hierarchical.HierarchicalTestExecutor.execute(Lorg/junit/platform/engine/TestDescriptor;Lorg/junit/platform/engine/support/hierarchical/EngineExecutionContext;)V+116
j  org.junit.platform.engine.support.hierarchical.HierarchicalTestExecutor.lambda$execute$0(Lorg/junit/platform/engine/support/hierarchical/EngineExecutionContext;Lorg/junit/platform/engine/support/hierarchical/Node;Lorg/junit/platform/engine/TestDescriptor;)V+72
j  org.junit.platform.engine.support.hierarchical.HierarchicalTestExecutor$$Lambda$116.execute()V+16
j  org.junit.platform.engine.support.hierarchical.SingleTestExecutor.executeSafely(Lorg/junit/platform/engine/support/hierarchical/SingleTestExecutor$Executable;)Lorg/junit/platform/engine/TestExecutionResult;+1
j  org.junit.platform.engine.support.hierarchical.HierarchicalTestExecutor.execute(Lorg/junit/platform/engine/TestDescriptor;Lorg/junit/platform/engine/support/hierarchical/EngineExecutionContext;)V+116
j  org.junit.platform.engine.support.hierarchical.HierarchicalTestExecutor.execute()V+9
j  org.junit.platform.engine.support.hierarchical.HierarchicalTestEngine.execute(Lorg/junit/platform/engine/ExecutionRequest;)V+13
j  org.junit.platform.launcher.core.DefaultLauncher.execute(Lorg/junit/platform/launcher/core/Root;Lorg/junit/platform/engine/ConfigurationParameters;)V+92
j  org.junit.platform.launcher.core.DefaultLauncher.execute(Lorg/junit/platform/launcher/LauncherDiscoveryRequest;)V+21
j  com.intellij.junit5.JUnit5IdeaTestRunner.startRunnerWithArgs([Ljava/lang/String;Ljava/lang/String;IZ)I+151
j  com.intellij.rt.execution.junit.IdeaTestRunner$Repeater.startRunnerWithArgs(Lcom/intellij/rt/execution/junit/IdeaTestRunner;[Ljava/lang/String;Ljava/util/ArrayList;Ljava/lang/String;IZ)I+20
j  com.intellij.rt.execution.junit.JUnitStarter.prepareStreamsAndStart([Ljava/lang/String;Ljava/lang/String;Ljava/util/ArrayList;Ljava/lang/String;)I+116
j  com.intellij.rt.execution.junit.JUnitStarter.main([Ljava/lang/String;)V+116
v  ~StubRoutines::call_stub
j  sun.reflect.NativeMethodAccessorImpl.invoke0(Ljava/lang/reflect/Method;Ljava/lang/Object;[Ljava/lang/Object;)Ljava/lang/Object;+0
j  sun.reflect.NativeMethodAccessorImpl.invoke(Ljava/lang/Object;[Ljava/lang/Object;)Ljava/lang/Object;+100
j  sun.reflect.DelegatingMethodAccessorImpl.invoke(Ljava/lang/Object;[Ljava/lang/Object;)Ljava/lang/Object;+6
j  java.lang.reflect.Method.invoke(Ljava/lang/Object;[Ljava/lang/Object;)Ljava/lang/Object;+56
j  com.intellij.rt.execution.application.AppMain.main([Ljava/lang/String;)V+170
v  ~StubRoutines::call_stub

---------------  P R O C E S S  ---------------

Java Threads: ( => current thread )
  0x00007f8616a89000 JavaThread "oracle.jdbc.driver.BlockSource.ThreadedCachingBlockSource.BlockReleaser" daemon [_thread_blocked, id=4615, stack(0x0000700005395000,0x0000700005495000)]
  0x00007f8619b02000 JavaThread "pool-10-thread-1" [_thread_in_native, id=23559, stack(0x0000700006bb6000,0x0000700006cb6000)]
  0x00007f86189a2800 JavaThread "process reaper" daemon [_thread_in_native, id=24067, stack(0x0000700006b8b000,0x0000700006bb3000)]
  0x00007f8618c2b000 JavaThread "pool-4-thread-1" [_thread_in_native, id=23055, stack(0x0000700006985000,0x0000700006a85000)]
  0x00007f8619b25800 JavaThread "process reaper" daemon [_thread_in_native, id=22531, stack(0x000070000695a000,0x0000700006982000)]
  0x00007f8618005800 JavaThread "Monitor Ctrl-Break" daemon [_thread_in_native, id=22019, stack(0x0000700006857000,0x0000700006957000)]
  0x00007f861881a000 JavaThread "Service Thread" daemon [_thread_blocked, id=20995, stack(0x0000700006651000,0x0000700006751000)]
  0x00007f8616818000 JavaThread "C1 CompilerThread3" daemon [_thread_blocked, id=20483, stack(0x000070000654e000,0x000070000664e000)]
  0x00007f8618819800 JavaThread "C2 CompilerThread2" daemon [_thread_blocked, id=19971, stack(0x000070000644b000,0x000070000654b000)]
  0x00007f861680f800 JavaThread "C2 CompilerThread1" daemon [_thread_blocked, id=19459, stack(0x0000700006348000,0x0000700006448000)]
  0x00007f8618818800 JavaThread "C2 CompilerThread0" daemon [_thread_blocked, id=18947, stack(0x0000700006245000,0x0000700006345000)]
  0x00007f8619038000 JavaThread "Signal Dispatcher" daemon [_thread_blocked, id=18435, stack(0x0000700006142000,0x0000700006242000)]
  0x00007f8619017800 JavaThread "Finalizer" daemon [_thread_blocked, id=14595, stack(0x000070000603f000,0x000070000613f000)]
  0x00007f8619011800 JavaThread "Reference Handler" daemon [_thread_blocked, id=14083, stack(0x0000700005f3c000,0x000070000603c000)]
=>0x00007f8619801800 JavaThread "main" [_thread_in_native, id=7171, stack(0x000070000551e000,0x000070000561e000)]

Other Threads:
  0x00007f861900e800 VMThread [stack: 0x0000700005e39000,0x0000700005f39000] [id=13571]
  0x00007f8618806800 WatcherThread [stack: 0x0000700006754000,0x0000700006854000] [id=21507]

VM state:not at safepoint (normal execution)

VM Mutex/Monitor currently owned by a thread: None

Heap:
 PSYoungGen      total 76288K, used 13910K [0x000000076ab00000, 0x0000000770000000, 0x00000007c0000000)
  eden space 65536K, 12% used [0x000000076ab00000,0x000000076b2e32f8,0x000000076eb00000)
  from space 10752K, 54% used [0x000000076f580000,0x000000076fb32588,0x0000000770000000)
  to   space 10752K, 0% used [0x000000076eb00000,0x000000076eb00000,0x000000076f580000)
 ParOldGen       total 71168K, used 5440K [0x00000006c0000000, 0x00000006c4580000, 0x000000076ab00000)
  object space 71168K, 7% used [0x00000006c0000000,0x00000006c05503f8,0x00000006c4580000)
 Metaspace       used 25475K, capacity 26394K, committed 26752K, reserved 1073152K
  class space    used 3210K, capacity 3433K, committed 3456K, reserved 1048576K

Card table byte_map: [0x0000000111932000,0x0000000112133000] byte_map_base: 0x000000010e332000

Marking Bits: (ParMarkBitMap*) 0x0000000110ec27a0
 Begin Bits: [0x0000000112689000, 0x0000000116689000)
 End Bits:   [0x0000000116689000, 0x000000011a689000)

Polling page: 0x000000010f5f2000

CodeCache: size=245760Kb used=8173Kb max_used=8309Kb free=237586Kb
 bounds [0x000000011aa87000, 0x000000011b2b7000, 0x0000000129a87000]
 total_blobs=3085 nmethods=2589 adapters=409
 compilation: enabled

Compilation events (10 events):
Event: 93.957 Thread 0x00007f8616818000 2866       3       java.math.MutableBigInteger::divide (8 bytes)
Event: 93.957 Thread 0x00007f8616818000 nmethod 2866 0x000000011ae7a0d0 code [0x000000011ae7a240, 0x000000011ae7a3e8]
Event: 93.957 Thread 0x00007f8616818000 2867       3       java.math.BigInteger::<init> (38 bytes)
Event: 93.958 Thread 0x00007f8616818000 nmethod 2867 0x000000011ae79790 code [0x000000011ae79940, 0x000000011ae79e68]
Event: 93.958 Thread 0x00007f8616818000 2868       1       oracle.streams.AbstractLCR::getObjectName (5 bytes)
Event: 93.958 Thread 0x00007f8616818000 nmethod 2868 0x000000011ae794d0 code [0x000000011ae79620, 0x000000011ae79730]
Event: 93.958 Thread 0x00007f8616818000 2869       1       oracle.streams.AbstractLCR::getObjectOwner (5 bytes)
Event: 93.958 Thread 0x00007f8616818000 nmethod 2869 0x000000011ae79210 code [0x000000011ae79360, 0x000000011ae79470]
Event: 93.958 Thread 0x00007f8616818000 2870       3       java.math.BigInteger::smallToString (271 bytes)
Event: 93.960 Thread 0x00007f8616818000 nmethod 2870 0x000000011abeba10 code [0x000000011abebda0, 0x000000011abedc68]

GC Heap History (10 events):
Event: 1.499 GC heap before
{Heap before GC invocations=1 (full 0):
 PSYoungGen      total 76288K, used 65536K [0x000000076ab00000, 0x0000000770000000, 0x00000007c0000000)
  eden space 65536K, 100% used [0x000000076ab00000,0x000000076eb00000,0x000000076eb00000)
  from space 10752K, 0% used [0x000000076f580000,0x000000076f580000,0x0000000770000000)
  to   space 10752K, 0% used [0x000000076eb00000,0x000000076eb00000,0x000000076f580000)
 ParOldGen       total 175104K, used 0K [0x00000006c0000000, 0x00000006cab00000, 0x000000076ab00000)
  object space 175104K, 0% used [0x00000006c0000000,0x00000006c0000000,0x00000006cab00000)
 Metaspace       used 10587K, capacity 11182K, committed 11264K, reserved 1058816K
  class space    used 1283K, capacity 1457K, committed 1536K, reserved 1048576K
Event: 1.506 GC heap after
Heap after GC invocations=1 (full 0):
 PSYoungGen      total 76288K, used 5527K [0x000000076ab00000, 0x0000000770000000, 0x00000007c0000000)
  eden space 65536K, 0% used [0x000000076ab00000,0x000000076ab00000,0x000000076eb00000)
  from space 10752K, 51% used [0x000000076eb00000,0x000000076f065fa0,0x000000076f580000)
  to   space 10752K, 0% used [0x000000076f580000,0x000000076f580000,0x0000000770000000)
 ParOldGen       total 175104K, used 24K [0x00000006c0000000, 0x00000006cab00000, 0x000000076ab00000)
  object space 175104K, 0% used [0x00000006c0000000,0x00000006c0006000,0x00000006cab00000)
 Metaspace       used 10587K, capacity 11182K, committed 11264K, reserved 1058816K
  class space    used 1283K, capacity 1457K, committed 1536K, reserved 1048576K
}
Event: 3.673 GC heap before
{Heap before GC invocations=2 (full 0):
 PSYoungGen      total 76288K, used 71063K [0x000000076ab00000, 0x0000000770000000, 0x00000007c0000000)
  eden space 65536K, 100% used [0x000000076ab00000,0x000000076eb00000,0x000000076eb00000)
  from space 10752K, 51% used [0x000000076eb00000,0x000000076f065fa0,0x000000076f580000)
  to   space 10752K, 0% used [0x000000076f580000,0x000000076f580000,0x0000000770000000)
 ParOldGen       total 175104K, used 24K [0x00000006c0000000, 0x00000006cab00000, 0x000000076ab00000)
  object space 175104K, 0% used [0x00000006c0000000,0x00000006c0006000,0x00000006cab00000)
 Metaspace       used 17566K, capacity 18424K, committed 18560K, reserved 1064960K
  class space    used 2188K, capacity 2392K, committed 2432K, reserved 1048576K
Event: 3.681 GC heap after
Heap after GC invocations=2 (full 0):
 PSYoungGen      total 76288K, used 8985K [0x000000076ab00000, 0x0000000770000000, 0x00000007c0000000)
  eden space 65536K, 0% used [0x000000076ab00000,0x000000076ab00000,0x000000076eb00000)
  from space 10752K, 83% used [0x000000076f580000,0x000000076fe466d8,0x0000000770000000)
  to   space 10752K, 0% used [0x000000076eb00000,0x000000076eb00000,0x000000076f580000)
 ParOldGen       total 175104K, used 32K [0x00000006c0000000, 0x00000006cab00000, 0x000000076ab00000)
  object space 175104K, 0% used [0x00000006c0000000,0x00000006c0008000,0x00000006cab00000)
 Metaspace       used 17566K, capacity 18424K, committed 18560K, reserved 1064960K
  class space    used 2188K, capacity 2392K, committed 2432K, reserved 1048576K
}
Event: 5.538 GC heap before
{Heap before GC invocations=3 (full 0):
 PSYoungGen      total 76288K, used 31081K [0x000000076ab00000, 0x0000000770000000, 0x00000007c0000000)
  eden space 65536K, 33% used [0x000000076ab00000,0x000000076c093ef8,0x000000076eb00000)
  from space 10752K, 83% used [0x000000076f580000,0x000000076fe466d8,0x0000000770000000)
  to   space 10752K, 0% used [0x000000076eb00000,0x000000076eb00000,0x000000076f580000)
 ParOldGen       total 175104K, used 32K [0x00000006c0000000, 0x00000006cab00000, 0x000000076ab00000)
  object space 175104K, 0% used [0x00000006c0000000,0x00000006c0008000,0x00000006cab00000)
 Metaspace       used 20305K, capacity 21108K, committed 21248K, reserved 1067008K
  class space    used 2523K, capacity 2722K, committed 2816K, reserved 1048576K
Event: 5.542 GC heap after
Heap after GC invocations=3 (full 0):
 PSYoungGen      total 76288K, used 5651K [0x000000076ab00000, 0x0000000770000000, 0x00000007c0000000)
  eden space 65536K, 0% used [0x000000076ab00000,0x000000076ab00000,0x000000076eb00000)
  from space 10752K, 52% used [0x000000076eb00000,0x000000076f084ca0,0x000000076f580000)
  to   space 10752K, 0% used [0x000000076f580000,0x000000076f580000,0x0000000770000000)
 ParOldGen       total 175104K, used 40K [0x00000006c0000000, 0x00000006cab00000, 0x000000076ab00000)
  object space 175104K, 0% used [0x00000006c0000000,0x00000006c000a000,0x00000006cab00000)
 Metaspace       used 20305K, capacity 21108K, committed 21248K, reserved 1067008K
  class space    used 2523K, capacity 2722K, committed 2816K, reserved 1048576K
}
Event: 5.542 GC heap before
{Heap before GC invocations=4 (full 1):
 PSYoungGen      total 76288K, used 5651K [0x000000076ab00000, 0x0000000770000000, 0x00000007c0000000)
  eden space 65536K, 0% used [0x000000076ab00000,0x000000076ab00000,0x000000076eb00000)
  from space 10752K, 52% used [0x000000076eb00000,0x000000076f084ca0,0x000000076f580000)
  to   space 10752K, 0% used [0x000000076f580000,0x000000076f580000,0x0000000770000000)
 ParOldGen       total 175104K, used 40K [0x00000006c0000000, 0x00000006cab00000, 0x000000076ab00000)
  object space 175104K, 0% used [0x00000006c0000000,0x00000006c000a000,0x00000006cab00000)
 Metaspace       used 20305K, capacity 21108K, committed 21248K, reserved 1067008K
  class space    used 2523K, capacity 2722K, committed 2816K, reserved 1048576K
Event: 5.566 GC heap after
Heap after GC invocations=4 (full 1):
 PSYoungGen      total 76288K, used 0K [0x000000076ab00000, 0x0000000770000000, 0x00000007c0000000)
  eden space 65536K, 0% used [0x000000076ab00000,0x000000076ab00000,0x000000076eb00000)
  from space 10752K, 0% used [0x000000076eb00000,0x000000076eb00000,0x000000076f580000)
  to   space 10752K, 0% used [0x000000076f580000,0x000000076f580000,0x0000000770000000)
 ParOldGen       total 71168K, used 5432K [0x00000006c0000000, 0x00000006c4580000, 0x000000076ab00000)
  object space 71168K, 7% used [0x00000006c0000000,0x00000006c054e3f8,0x00000006c4580000)
 Metaspace       used 20305K, capacity 21108K, committed 21248K, reserved 1067008K
  class space    used 2523K, capacity 2722K, committed 2816K, reserved 1048576K
}
Event: 93.051 GC heap before
{Heap before GC invocations=5 (full 1):
 PSYoungGen      total 76288K, used 65536K [0x000000076ab00000, 0x0000000770000000, 0x00000007c0000000)
  eden space 65536K, 100% used [0x000000076ab00000,0x000000076eb00000,0x000000076eb00000)
  from space 10752K, 0% used [0x000000076eb00000,0x000000076eb00000,0x000000076f580000)
  to   space 10752K, 0% used [0x000000076f580000,0x000000076f580000,0x0000000770000000)
 ParOldGen       total 71168K, used 5432K [0x00000006c0000000, 0x00000006c4580000, 0x000000076ab00000)
  object space 71168K, 7% used [0x00000006c0000000,0x00000006c054e3f8,0x00000006c4580000)
 Metaspace       used 25440K, capacity 26324K, committed 26496K, reserved 1073152K
  class space    used 3210K, capacity 3432K, committed 3456K, reserved 1048576K
Event: 93.068 GC heap after
Heap after GC invocations=5 (full 1):
 PSYoungGen      total 76288K, used 5833K [0x000000076ab00000, 0x0000000770000000, 0x00000007c0000000)
  eden space 65536K, 0% used [0x000000076ab00000,0x000000076ab00000,0x000000076eb00000)
  from space 10752K, 54% used [0x000000076f580000,0x000000076fb32588,0x0000000770000000)
  to   space 10752K, 0% used [0x000000076eb00000,0x000000076eb00000,0x000000076f580000)
 ParOldGen       total 71168K, used 5440K [0x00000006c0000000, 0x00000006c4580000, 0x000000076ab00000)
  object space 71168K, 7% used [0x00000006c0000000,0x00000006c05503f8,0x00000006c4580000)
 Metaspace       used 25440K, capacity 26324K, committed 26496K, reserved 1073152K
  class space    used 3210K, capacity 3432K, committed 3456K, reserved 1048576K
}

Deoptimization events (10 events):
Event: 54.927 Thread 0x00007f8619801800 Uncommon trap: reason=unstable_if action=reinterpret pc=0x000000011abfcbf8 method=java.util.Properties.getProperty(Ljava/lang/String;)Ljava/lang/String; @ 30
Event: 55.914 Thread 0x00007f8619801800 Uncommon trap: reason=unstable_if action=reinterpret pc=0x000000011af3bdf8 method=java.util.Formatter$Flags.contains(Ljava/util/Formatter$Flags;)Z @ 13
Event: 56.331 Thread 0x00007f8619801800 Uncommon trap: reason=class_check action=maybe_recompile pc=0x000000011b01151c method=java.util.regex.Pattern$Branch.match(Ljava/util/regex/Matcher;ILjava/lang/CharSequence;)Z @ 50
Event: 56.331 Thread 0x00007f8619801800 Uncommon trap: reason=class_check action=maybe_recompile pc=0x000000011b01151c method=java.util.regex.Pattern$Branch.match(Ljava/util/regex/Matcher;ILjava/lang/CharSequence;)Z @ 50
Event: 56.331 Thread 0x00007f8619801800 Uncommon trap: reason=class_check action=maybe_recompile pc=0x000000011b01151c method=java.util.regex.Pattern$Branch.match(Ljava/util/regex/Matcher;ILjava/lang/CharSequence;)Z @ 50
Event: 56.331 Thread 0x00007f8619801800 Uncommon trap: reason=class_check action=maybe_recompile pc=0x000000011b01151c method=java.util.regex.Pattern$Branch.match(Ljava/util/regex/Matcher;ILjava/lang/CharSequence;)Z @ 50
Event: 57.082 Thread 0x00007f8619801800 Uncommon trap: reason=bimorphic action=maybe_recompile pc=0x000000011b1b39fc method=java.util.regex.Pattern$Branch.match(Ljava/util/regex/Matcher;ILjava/lang/CharSequence;)Z @ 32
Event: 57.082 Thread 0x00007f8619801800 Uncommon trap: reason=bimorphic action=maybe_recompile pc=0x000000011b1b39fc method=java.util.regex.Pattern$Branch.match(Ljava/util/regex/Matcher;ILjava/lang/CharSequence;)Z @ 32
Event: 57.082 Thread 0x00007f8619801800 Uncommon trap: reason=unstable_if action=reinterpret pc=0x000000011b1b3990 method=java.util.regex.Pattern$Branch.match(Ljava/util/regex/Matcher;ILjava/lang/CharSequence;)Z @ 35
Event: 92.976 Thread 0x00007f8616817000 Uncommon trap: reason=unstable_if action=reinterpret pc=0x000000011ace22d8 method=com.fasterxml.jackson.core.json.UTF8JsonGenerator.writeRaw([CII)V @ 18

Internal exceptions (10 events):
Event: 92.991 Thread 0x00007f8616817000 Exception <a 'java/lang/StackOverflowError'> (0x000000076df5be88) thrown at [/Users/java_re/workspace/8-2-build-macosx-x86_64/jdk8u51/3951/hotspot/src/share/vm/prims/jvm.cpp, line 1386]
Event: 92.991 Thread 0x00007f8616817000 Exception <a 'java/lang/StackOverflowError'> (0x000000076df6a5f8) thrown at [/Users/java_re/workspace/8-2-build-macosx-x86_64/jdk8u51/3951/hotspot/src/share/vm/runtime/javaCalls.cpp, line 386]
Event: 92.991 Thread 0x00007f8616817000 Exception <a 'java/lang/StackOverflowError'> (0x000000076df6a5f8) thrown at [/Users/java_re/workspace/8-2-build-macosx-x86_64/jdk8u51/3951/hotspot/src/share/vm/prims/jvm.cpp, line 1386]
Event: 92.992 Thread 0x00007f8616817000 Exception <a 'java/lang/StackOverflowError'> (0x000000076df81130) thrown at [/Users/java_re/workspace/8-2-build-macosx-x86_64/jdk8u51/3951/hotspot/src/share/vm/runtime/javaCalls.cpp, line 386]
Event: 92.992 Thread 0x00007f8616817000 Exception <a 'java/lang/StackOverflowError'> (0x000000076df81130) thrown at [/Users/java_re/workspace/8-2-build-macosx-x86_64/jdk8u51/3951/hotspot/src/share/vm/classfile/systemDictionary.cpp, line 1528]
Event: 92.992 Thread 0x00007f8616817000 Exception <a 'java/lang/StackOverflowError'> (0x000000076df81130) thrown at [/Users/java_re/workspace/8-2-build-macosx-x86_64/jdk8u51/3951/hotspot/src/share/vm/prims/jvm.cpp, line 1386]
Event: 93.039 Thread 0x00007f8616817000 StackOverflowError at 0x000000011ace6aa0
Event: 93.039 Thread 0x00007f8616817000 Exception <a 'java/lang/StackOverflowError'> (0x000000076e755a88) thrown at [/Users/java_re/workspace/8-2-build-macosx-x86_64/jdk8u51/3951/hotspot/src/share/vm/runtime/sharedRuntime.cpp, line 605]
Event: 95.480 Thread 0x00007f8616817000 Exception <a 'oracle/streams/StreamsException'> (0x000000076b1d82f8) thrown at [/Users/java_re/workspace/8-2-build-macosx-x86_64/jdk8u51/3951/hotspot/src/share/vm/prims/jni.cpp, line 709]
Event: 95.480 Thread 0x00007f8619801800 Exception <a 'java/lang/reflect/InvocationTargetException'> (0x000000076b1da9e0) thrown at [/Users/java_re/workspace/8-2-build-macosx-x86_64/jdk8u51/3951/hotspot/src/share/vm/runtime/reflection.cpp, line 1080]

Events (10 events):
Event: 93.071 Executing VM operation: RevokeBias done
Event: 93.071 Executing VM operation: BulkRevokeBias
Event: 93.071 Executing VM operation: BulkRevokeBias done
Event: 95.480 Executing VM operation: RevokeBias
Event: 95.481 Executing VM operation: RevokeBias done
Event: 95.481 Thread 0x00007f8616817000 Thread exited: 0x00007f8616817000
Event: 95.481 loading class org/junit/jupiter/engine/execution/AfterEachMethodAdapter
Event: 95.481 loading class org/junit/jupiter/engine/execution/AfterEachMethodAdapter done
Event: 95.481 loading class org/junit/jupiter/engine/execution/AfterEachMethodAdapter
Event: 95.481 loading class org/junit/jupiter/engine/execution/AfterEachMethodAdapter done


Dynamic libraries:
0x000000001c72f000 	/System/Library/Frameworks/Cocoa.framework/Versions/A/Cocoa
0x000000001c72f000 	/System/Library/Frameworks/Security.framework/Versions/A/Security
0x000000001c72f000 	/System/Library/Frameworks/ApplicationServices.framework/Versions/A/ApplicationServices
0x000000001c72f000 	/usr/lib/libz.1.dylib
0x000000001c72f000 	/usr/lib/libSystem.B.dylib
0x000000001c72f000 	/usr/lib/libobjc.A.dylib
0x000000001c72f000 	/System/Library/Frameworks/CoreFoundation.framework/Versions/A/CoreFoundation
0x000000001c72f000 	/System/Library/Frameworks/Foundation.framework/Versions/C/Foundation
0x000000001c72f000 	/System/Library/Frameworks/AppKit.framework/Versions/C/AppKit
0x000000001c72f000 	/System/Library/Frameworks/CoreData.framework/Versions/A/CoreData
0x000000001c72f000 	/System/Library/PrivateFrameworks/RemoteViewServices.framework/Versions/A/RemoteViewServices
0x000000001c72f000 	/System/Library/PrivateFrameworks/UIFoundation.framework/Versions/A/UIFoundation
0x000000001c72f000 	/usr/lib/libenergytrace.dylib
0x000000001c72f000 	/System/Library/PrivateFrameworks/SkyLight.framework/Versions/A/SkyLight
0x000000001c72f000 	/System/Library/Frameworks/CoreGraphics.framework/Versions/A/CoreGraphics
0x000000001c72f000 	/usr/lib/libScreenReader.dylib
0x000000001c72f000 	/System/Library/Frameworks/Accelerate.framework/Versions/A/Accelerate
0x000000001c72f000 	/System/Library/Frameworks/IOSurface.framework/Versions/A/IOSurface
0x000000001c72f000 	/System/Library/Frameworks/AudioToolbox.framework/Versions/A/AudioToolbox
0x000000001c72f000 	/System/Library/Frameworks/AudioUnit.framework/Versions/A/AudioUnit
0x000000001c72f000 	/System/Library/PrivateFrameworks/DataDetectorsCore.framework/Versions/A/DataDetectorsCore
0x000000001c72f000 	/System/Library/PrivateFrameworks/DesktopServicesPriv.framework/Versions/A/DesktopServicesPriv
0x000000001c72f000 	/System/Library/Frameworks/Carbon.framework/Versions/A/Frameworks/HIToolbox.framework/Versions/A/HIToolbox
0x000000001c72f000 	/usr/lib/libicucore.A.dylib
0x000000001c72f000 	/System/Library/Frameworks/QuartzCore.framework/Versions/A/QuartzCore
0x000000001c72f000 	/System/Library/Frameworks/Carbon.framework/Versions/A/Frameworks/SpeechRecognition.framework/Versions/A/SpeechRecognition
0x000000001c72f000 	/usr/lib/libauto.dylib
0x000000001c72f000 	/usr/lib/libxml2.2.dylib
0x000000001c72f000 	/System/Library/PrivateFrameworks/CoreUI.framework/Versions/A/CoreUI
0x000000001c72f000 	/System/Library/Frameworks/CoreAudio.framework/Versions/A/CoreAudio
0x000000001c72f000 	/System/Library/Frameworks/DiskArbitration.framework/Versions/A/DiskArbitration
0x000000001c72f000 	/usr/lib/liblangid.dylib
0x000000001c72f000 	/System/Library/PrivateFrameworks/MultitouchSupport.framework/Versions/A/MultitouchSupport
0x000000001c72f000 	/System/Library/Frameworks/IOKit.framework/Versions/A/IOKit
0x000000001c72f000 	/usr/lib/libDiagnosticMessagesClient.dylib
0x000000001c72f000 	/System/Library/Frameworks/CoreServices.framework/Versions/A/CoreServices
0x000000001c72f000 	/System/Library/PrivateFrameworks/PerformanceAnalysis.framework/Versions/A/PerformanceAnalysis
0x000000001c72f000 	/System/Library/PrivateFrameworks/GenerationalStorage.framework/Versions/A/GenerationalStorage
0x000000001c72f000 	/System/Library/Frameworks/OpenGL.framework/Versions/A/OpenGL
0x000000001c72f000 	/System/Library/Frameworks/CoreImage.framework/Versions/A/CoreImage
0x000000001c72f000 	/System/Library/Frameworks/CoreText.framework/Versions/A/CoreText
0x000000001c72f000 	/System/Library/Frameworks/ImageIO.framework/Versions/A/ImageIO
0x000000001c72f000 	/System/Library/PrivateFrameworks/Backup.framework/Versions/A/Backup
0x000000001c72f000 	/usr/lib/libarchive.2.dylib
0x000000001c72f000 	/System/Library/Frameworks/CFNetwork.framework/Versions/A/CFNetwork
0x000000001c72f000 	/System/Library/Frameworks/SystemConfiguration.framework/Versions/A/SystemConfiguration
0x000000001c72f000 	/usr/lib/libCRFSuite.dylib
0x000000001c72f000 	/usr/lib/libc++.1.dylib
0x000000001c72f000 	/usr/lib/libc++abi.dylib
0x000000001c72f000 	/usr/lib/system/libcache.dylib
0x000000001c72f000 	/usr/lib/system/libcommonCrypto.dylib
0x000000001c72f000 	/usr/lib/system/libcompiler_rt.dylib
0x000000001c72f000 	/usr/lib/system/libcopyfile.dylib
0x000000001c72f000 	/usr/lib/system/libcorecrypto.dylib
0x000000001c72f000 	/usr/lib/system/libdispatch.dylib
0x000000001c72f000 	/usr/lib/system/libdyld.dylib
0x000000001c72f000 	/usr/lib/system/libkeymgr.dylib
0x000000001c72f000 	/usr/lib/system/liblaunch.dylib
0x000000001c72f000 	/usr/lib/system/libmacho.dylib
0x000000001c72f000 	/usr/lib/system/libquarantine.dylib
0x000000001c72f000 	/usr/lib/system/libremovefile.dylib
0x000000001c72f000 	/usr/lib/system/libsystem_asl.dylib
0x000000001c72f000 	/usr/lib/system/libsystem_blocks.dylib
0x000000001c72f000 	/usr/lib/system/libsystem_c.dylib
0x000000001c72f000 	/usr/lib/system/libsystem_configuration.dylib
0x000000001c72f000 	/usr/lib/system/libsystem_coreservices.dylib
0x000000001c72f000 	/usr/lib/system/libsystem_coretls.dylib
0x000000001c72f000 	/usr/lib/system/libsystem_dnssd.dylib
0x000000001c72f000 	/usr/lib/system/libsystem_info.dylib
0x000000001c72f000 	/usr/lib/system/libsystem_kernel.dylib
0x000000001c72f000 	/usr/lib/system/libsystem_m.dylib
0x000000001c72f000 	/usr/lib/system/libsystem_malloc.dylib
0x000000001c72f000 	/usr/lib/system/libsystem_network.dylib
0x000000001c72f000 	/usr/lib/system/libsystem_networkextension.dylib
0x000000001c72f000 	/usr/lib/system/libsystem_notify.dylib
0x000000001c72f000 	/usr/lib/system/libsystem_platform.dylib
0x000000001c72f000 	/usr/lib/system/libsystem_pthread.dylib
0x000000001c72f000 	/usr/lib/system/libsystem_sandbox.dylib
0x000000001c72f000 	/usr/lib/system/libsystem_secinit.dylib
0x000000001c72f000 	/usr/lib/system/libsystem_symptoms.dylib
0x000000001c72f000 	/usr/lib/system/libsystem_trace.dylib
0x000000001c72f000 	/usr/lib/system/libunwind.dylib
0x000000001c72f000 	/usr/lib/system/libxpc.dylib
0x000000001c72f000 	/usr/lib/libbsm.0.dylib
0x000000001c72f000 	/usr/lib/system/libkxld.dylib
0x000000001c72f000 	/usr/lib/libcoretls.dylib
0x000000001c72f000 	/usr/lib/libcoretls_cfhelpers.dylib
0x000000001c72f000 	/usr/lib/libxar.1.dylib
0x000000001c72f000 	/usr/lib/libsqlite3.dylib
0x000000001c72f000 	/usr/lib/libpam.2.dylib
0x000000001c72f000 	/usr/lib/libOpenScriptingUtil.dylib
0x000000001c72f000 	/usr/lib/libbz2.1.0.dylib
0x000000001c72f000 	/usr/lib/liblzma.5.dylib
0x000000001c72f000 	/usr/lib/libnetwork.dylib
0x000000001c72f000 	/usr/lib/libpcap.A.dylib
0x000000001c72f000 	/System/Library/Frameworks/CoreServices.framework/Versions/A/Frameworks/FSEvents.framework/Versions/A/FSEvents
0x000000001c72f000 	/System/Library/Frameworks/CoreServices.framework/Versions/A/Frameworks/CarbonCore.framework/Versions/A/CarbonCore
0x000000001c72f000 	/System/Library/Frameworks/CoreServices.framework/Versions/A/Frameworks/Metadata.framework/Versions/A/Metadata
0x000000001c72f000 	/System/Library/Frameworks/CoreServices.framework/Versions/A/Frameworks/OSServices.framework/Versions/A/OSServices
0x000000001c72f000 	/System/Library/Frameworks/CoreServices.framework/Versions/A/Frameworks/SearchKit.framework/Versions/A/SearchKit
0x000000001c72f000 	/System/Library/Frameworks/CoreServices.framework/Versions/A/Frameworks/AE.framework/Versions/A/AE
0x000000001c72f000 	/System/Library/Frameworks/CoreServices.framework/Versions/A/Frameworks/LaunchServices.framework/Versions/A/LaunchServices
0x000000001c72f000 	/System/Library/Frameworks/CoreServices.framework/Versions/A/Frameworks/DictionaryServices.framework/Versions/A/DictionaryServices
0x000000001c72f000 	/System/Library/Frameworks/CoreServices.framework/Versions/A/Frameworks/SharedFileList.framework/Versions/A/SharedFileList
0x000000001c72f000 	/System/Library/Frameworks/NetFS.framework/Versions/A/NetFS
0x000000001c72f000 	/System/Library/PrivateFrameworks/NetAuth.framework/Versions/A/NetAuth
0x000000001c72f000 	/System/Library/PrivateFrameworks/login.framework/Versions/A/Frameworks/loginsupport.framework/Versions/A/loginsupport
0x000000001c72f000 	/System/Library/PrivateFrameworks/TCC.framework/Versions/A/TCC
0x000000001c72f000 	/usr/lib/libmecabra.dylib
0x000000001c72f000 	/System/Library/Frameworks/ApplicationServices.framework/Versions/A/Frameworks/ATS.framework/Versions/A/ATS
0x000000001c72f000 	/System/Library/Frameworks/ApplicationServices.framework/Versions/A/Frameworks/ColorSync.framework/Versions/A/ColorSync
0x000000001c72f000 	/System/Library/Frameworks/ApplicationServices.framework/Versions/A/Frameworks/HIServices.framework/Versions/A/HIServices
0x000000001c72f000 	/System/Library/Frameworks/ApplicationServices.framework/Versions/A/Frameworks/LangAnalysis.framework/Versions/A/LangAnalysis
0x000000001c72f000 	/System/Library/Frameworks/ApplicationServices.framework/Versions/A/Frameworks/PrintCore.framework/Versions/A/PrintCore
0x000000001c72f000 	/System/Library/Frameworks/ApplicationServices.framework/Versions/A/Frameworks/QD.framework/Versions/A/QD
0x000000001c72f000 	/System/Library/Frameworks/ApplicationServices.framework/Versions/A/Frameworks/SpeechSynthesis.framework/Versions/A/SpeechSynthesis
0x000000001c72f000 	/System/Library/Frameworks/Accelerate.framework/Versions/A/Frameworks/vImage.framework/Versions/A/vImage
0x000000001c72f000 	/System/Library/Frameworks/Accelerate.framework/Versions/A/Frameworks/vecLib.framework/Versions/A/vecLib
0x000000001c72f000 	/System/Library/Frameworks/Accelerate.framework/Versions/A/Frameworks/vecLib.framework/Versions/A/libvDSP.dylib
0x000000001c72f000 	/System/Library/Frameworks/Accelerate.framework/Versions/A/Frameworks/vecLib.framework/Versions/A/libBNNS.dylib
0x000000001c72f000 	/System/Library/Frameworks/Accelerate.framework/Versions/A/Frameworks/vecLib.framework/Versions/A/libQuadrature.dylib
0x000000001c72f000 	/System/Library/Frameworks/Accelerate.framework/Versions/A/Frameworks/vecLib.framework/Versions/A/libvMisc.dylib
0x000000001c72f000 	/System/Library/Frameworks/Accelerate.framework/Versions/A/Frameworks/vecLib.framework/Versions/A/libLAPACK.dylib
0x000000001c72f000 	/System/Library/Frameworks/Accelerate.framework/Versions/A/Frameworks/vecLib.framework/Versions/A/libBLAS.dylib
0x000000001c72f000 	/System/Library/Frameworks/Accelerate.framework/Versions/A/Frameworks/vecLib.framework/Versions/A/libLinearAlgebra.dylib
0x000000001c72f000 	/System/Library/Frameworks/Accelerate.framework/Versions/A/Frameworks/vecLib.framework/Versions/A/libSparseBLAS.dylib
0x000000001c72f000 	/System/Library/Frameworks/ApplicationServices.framework/Versions/A/Frameworks/ATS.framework/Versions/A/Resources/libFontParser.dylib
0x000000001c72f000 	/System/Library/Frameworks/ApplicationServices.framework/Versions/A/Frameworks/ATS.framework/Versions/A/Resources/libFontRegistry.dylib
0x000000001c72f000 	/System/Library/Frameworks/ImageIO.framework/Versions/A/Resources/libJPEG.dylib
0x000000001c72f000 	/System/Library/Frameworks/ImageIO.framework/Versions/A/Resources/libTIFF.dylib
0x000000001c72f000 	/System/Library/Frameworks/ImageIO.framework/Versions/A/Resources/libPng.dylib
0x000000001c72f000 	/System/Library/Frameworks/ImageIO.framework/Versions/A/Resources/libGIF.dylib
0x000000001c72f000 	/System/Library/Frameworks/ImageIO.framework/Versions/A/Resources/libJP2.dylib
0x000000001c72f000 	/System/Library/Frameworks/ImageIO.framework/Versions/A/Resources/libRadiance.dylib
0x000000001c72f000 	/usr/lib/libcompression.dylib
0x000000001c72f000 	/System/Library/PrivateFrameworks/AppleJPEG.framework/Versions/A/AppleJPEG
0x000000001c72f000 	/usr/lib/libcups.2.dylib
0x000000001c72f000 	/System/Library/Frameworks/Kerberos.framework/Versions/A/Kerberos
0x000000001c72f000 	/System/Library/Frameworks/GSS.framework/Versions/A/GSS
0x000000001c72f000 	/usr/lib/libresolv.9.dylib
0x000000001c72f000 	/usr/lib/libiconv.2.dylib
0x000000001c72f000 	/System/Library/PrivateFrameworks/Heimdal.framework/Versions/A/Heimdal
0x000000001c72f000 	/usr/lib/libheimdal-asn1.dylib
0x000000001c72f000 	/System/Library/Frameworks/OpenDirectory.framework/Versions/A/OpenDirectory
0x000000001c72f000 	/System/Library/PrivateFrameworks/CommonAuth.framework/Versions/A/CommonAuth
0x000000001c72f000 	/System/Library/Frameworks/OpenDirectory.framework/Versions/A/Frameworks/CFOpenDirectory.framework/Versions/A/CFOpenDirectory
0x000000001c72f000 	/System/Library/Frameworks/SecurityFoundation.framework/Versions/A/SecurityFoundation
0x000000001c72f000 	/System/Library/PrivateFrameworks/LanguageModeling.framework/Versions/A/LanguageModeling
0x000000001c72f000 	/usr/lib/libmarisa.dylib
0x000000001c72f000 	/usr/lib/libChineseTokenizer.dylib
0x000000001c72f000 	/usr/lib/libcmph.dylib
0x000000001c72f000 	/System/Library/PrivateFrameworks/CoreEmoji.framework/Versions/A/CoreEmoji
0x000000001c72f000 	/System/Library/Frameworks/ServiceManagement.framework/Versions/A/ServiceManagement
0x000000001c72f000 	/usr/lib/libxslt.1.dylib
0x000000001c72f000 	/System/Library/Frameworks/Carbon.framework/Versions/A/Frameworks/Ink.framework/Versions/A/Ink
0x000000001c72f000 	/System/Library/PrivateFrameworks/TextureIO.framework/Versions/A/TextureIO
0x000000001c72f000 	/System/Library/Frameworks/Metal.framework/Versions/A/Metal
0x000000001c72f000 	/usr/lib/libate.dylib
0x000000001c72f000 	/System/Library/PrivateFrameworks/GPUCompiler.framework/libmetal_timestamp.dylib
0x000000001c72f000 	/System/Library/Frameworks/OpenGL.framework/Versions/A/Libraries/libCoreFSCache.dylib
0x000000001c72f000 	/System/Library/PrivateFrameworks/IOAccelerator.framework/Versions/A/IOAccelerator
0x000000001c72f000 	/System/Library/Frameworks/CoreVideo.framework/Versions/A/CoreVideo
0x000000001c72f000 	/usr/lib/libFosl_dynamic.dylib
0x000000001c72f000 	/System/Library/PrivateFrameworks/MetalPerformanceShaders.framework/Versions/A/MetalPerformanceShaders
0x000000001c72f000 	/System/Library/PrivateFrameworks/FaceCore.framework/Versions/A/FaceCore
0x000000001c72f000 	/System/Library/Frameworks/OpenCL.framework/Versions/A/OpenCL
0x000000001c72f000 	/System/Library/Frameworks/OpenGL.framework/Versions/A/Libraries/libGLU.dylib
0x000000001c72f000 	/System/Library/Frameworks/OpenGL.framework/Versions/A/Libraries/libGFXShared.dylib
0x000000001c72f000 	/System/Library/Frameworks/OpenGL.framework/Versions/A/Libraries/libGL.dylib
0x000000001c72f000 	/System/Library/Frameworks/OpenGL.framework/Versions/A/Libraries/libGLImage.dylib
0x000000001c72f000 	/System/Library/Frameworks/OpenGL.framework/Versions/A/Libraries/libCVMSPluginSupport.dylib
0x000000001c72f000 	/System/Library/Frameworks/OpenGL.framework/Versions/A/Libraries/libCoreVMClient.dylib
0x000000001c72f000 	/System/Library/PrivateFrameworks/CrashReporterSupport.framework/Versions/A/CrashReporterSupport
0x000000001c72f000 	/System/Library/PrivateFrameworks/Sharing.framework/Versions/A/Sharing
0x000000001c72f000 	/System/Library/PrivateFrameworks/IconServices.framework/Versions/A/IconServices
0x000000001c72f000 	/System/Library/PrivateFrameworks/ProtocolBuffer.framework/Versions/A/ProtocolBuffer
0x000000001c72f000 	/System/Library/PrivateFrameworks/Apple80211.framework/Versions/A/Apple80211
0x000000001c72f000 	/System/Library/Frameworks/CoreWLAN.framework/Versions/A/CoreWLAN
0x000000001c72f000 	/System/Library/PrivateFrameworks/CoreUtils.framework/Versions/A/CoreUtils
0x000000001c72f000 	/System/Library/Frameworks/IOBluetooth.framework/Versions/A/IOBluetooth
0x000000001c72f000 	/System/Library/PrivateFrameworks/CoreWiFi.framework/Versions/A/CoreWiFi
0x000000001c72f000 	/System/Library/Frameworks/CoreBluetooth.framework/Versions/A/CoreBluetooth
0x000000001c72f000 	/System/Library/Frameworks/CoreDisplay.framework/Versions/A/CoreDisplay
0x000000001c72f000 	/System/Library/PrivateFrameworks/IOPresentment.framework/Versions/A/IOPresentment
0x000000001c72f000 	/System/Library/PrivateFrameworks/DebugSymbols.framework/Versions/A/DebugSymbols
0x000000001c72f000 	/System/Library/PrivateFrameworks/CoreSymbolication.framework/Versions/A/CoreSymbolication
0x000000001c72f000 	/System/Library/PrivateFrameworks/Symbolication.framework/Versions/A/Symbolication
0x000000001c72f000 	/System/Library/PrivateFrameworks/AppleFSCompression.framework/Versions/A/AppleFSCompression
0x000000001c72f000 	/System/Library/PrivateFrameworks/SpeechRecognitionCore.framework/Versions/A/SpeechRecognitionCore
0x000000001c72f000 	/System/Library/PrivateFrameworks/ChunkingLibrary.framework/Versions/A/ChunkingLibrary
0x0000000110600000 	/Library/Java/JavaVirtualMachines/jdk1.8.0_51.jdk/Contents/Home/jre/lib/server/libjvm.dylib
0x000000001c72f000 	/usr/lib/libstdc++.6.dylib
0x000000010f5af000 	/Library/Java/JavaVirtualMachines/jdk1.8.0_51.jdk/Contents/Home/jre/lib/libverify.dylib
0x000000010f5bd000 	/Library/Java/JavaVirtualMachines/jdk1.8.0_51.jdk/Contents/Home/jre/lib/libjava.dylib
0x0000000111569000 	/Library/Java/JavaVirtualMachines/jdk1.8.0_51.jdk/Contents/Home/jre/lib/libzip.dylib
0x000000012c6b8000 	/System/Library/Frameworks/JavaVM.framework/Frameworks/JavaRuntimeSupport.framework/JavaRuntimeSupport
0x000000012c6d2000 	/System/Library/Frameworks/JavaVM.framework/Versions/A/Frameworks/JavaNativeFoundation.framework/Versions/A/JavaNativeFoundation
0x000000012c6e7000 	/System/Library/Frameworks/JavaVM.framework/Versions/A/JavaVM
0x000000001c72f000 	/System/Library/Frameworks/Carbon.framework/Versions/A/Carbon
0x000000012c6f4000 	/System/Library/PrivateFrameworks/JavaLaunching.framework/Versions/A/JavaLaunching
0x000000001c72f000 	/System/Library/Frameworks/Carbon.framework/Versions/A/Frameworks/CommonPanels.framework/Versions/A/CommonPanels
0x000000001c72f000 	/System/Library/Frameworks/Carbon.framework/Versions/A/Frameworks/Help.framework/Versions/A/Help
0x000000001c72f000 	/System/Library/Frameworks/Carbon.framework/Versions/A/Frameworks/ImageCapture.framework/Versions/A/ImageCapture
0x000000001c72f000 	/System/Library/Frameworks/Carbon.framework/Versions/A/Frameworks/OpenScripting.framework/Versions/A/OpenScripting
0x000000001c72f000 	/System/Library/Frameworks/Carbon.framework/Versions/A/Frameworks/Print.framework/Versions/A/Print
0x000000001c72f000 	/System/Library/Frameworks/Carbon.framework/Versions/A/Frameworks/SecurityHI.framework/Versions/A/SecurityHI
0x000000012e036000 	/Applications/IntelliJ IDEA.app/Contents/bin/libbreakgen64.jnilib
0x000000012e03b000 	/Library/Java/JavaVirtualMachines/jdk1.8.0_51.jdk/Contents/Home/jre/lib/libnet.dylib
0x000000012e4c7000 	/Library/Java/JavaVirtualMachines/jdk1.8.0_51.jdk/Contents/Home/jre/lib/libnio.dylib
0x000000012e3a9000 	/Library/Java/JavaVirtualMachines/jdk1.8.0_51.jdk/Contents/Home/jre/lib/libmanagement.dylib
0x000000012e6d7000 	/Users/jeremy/source/confluent/kafka-connect/public/kafka-connect-cdc/kafka-connect-cdc-xstream/oracle/instantclient_12_1/libocijdbc12.dylib
0x000000012fd2e000 	/Users/jeremy/source/confluent/kafka-connect/public/kafka-connect-cdc/kafka-connect-cdc-xstream/oracle/instantclient_12_1/libclntsh.dylib.12.1
0x0000000133d9a000 	/Users/jeremy/source/confluent/kafka-connect/public/kafka-connect-cdc/kafka-connect-cdc-xstream/oracle/instantclient_12_1/libclntshcore.dylib.12.1
0x00000001341f3000 	/Users/jeremy/source/confluent/kafka-connect/public/kafka-connect-cdc/kafka-connect-cdc-xstream/oracle/instantclient_12_1/libnnz12.dylib
0x000000012e814000 	/Users/jeremy/source/confluent/kafka-connect/public/kafka-connect-cdc/kafka-connect-cdc-xstream/oracle/instantclient_12_1/libons.dylib
0x0000000134ab4000 	/Users/jeremy/source/confluent/kafka-connect/public/kafka-connect-cdc/kafka-connect-cdc-xstream/oracle/instantclient_12_1/libociei.dylib

VM Arguments:
jvm_args: -ea -Djava.library.path=oracle/instantclient_12_1 -Didea.launcher.port=7533 -Didea.launcher.bin.path=/Applications/IntelliJ IDEA.app/Contents/bin -Dfile.encoding=UTF-8 
java_command: com.intellij.rt.execution.application.AppMain com.intellij.rt.execution.junit.JUnitStarter -ideVersion5 -junit5 @w@/private/var/folders/fc/jqgphp3s5l9087p4v7pdxh040000gn/T/idea_working_dirs_junit.tmp @/private/var/folders/fc/jqgphp3s5l9087p4v7pdxh040000gn/T/idea_junit.tmp -socket50924
java_class_path (initial): /Applications/IntelliJ IDEA.app/Contents/lib/idea_rt.jar:/Applications/IntelliJ IDEA.app/Contents/plugins/junit/lib/junit-rt.jar:/Library/Java/JavaVirtualMachines/jdk1.8.0_51.jdk/Contents/Home/jre/lib/charsets.jar:/Library/Java/JavaVirtualMachines/jdk1.8.0_51.jdk/Contents/Home/jre/lib/deploy.jar:/Library/Java/JavaVirtualMachines/jdk1.8.0_51.jdk/Contents/Home/jre/lib/ext/cldrdata.jar:/Library/Java/JavaVirtualMachines/jdk1.8.0_51.jdk/Contents/Home/jre/lib/ext/dnsns.jar:/Library/Java/JavaVirtualMachines/jdk1.8.0_51.jdk/Contents/Home/jre/lib/ext/jfxrt.jar:/Library/Java/JavaVirtualMachines/jdk1.8.0_51.jdk/Contents/Home/jre/lib/ext/localedata.jar:/Library/Java/JavaVirtualMachines/jdk1.8.0_51.jdk/Contents/Home/jre/lib/ext/nashorn.jar:/Library/Java/JavaVirtualMachines/jdk1.8.0_51.jdk/Contents/Home/jre/lib/ext/sunec.jar:/Library/Java/JavaVirtualMachines/jdk1.8.0_51.jdk/Contents/Home/jre/lib/ext/sunjce_provider.jar:/Library/Java/JavaVirtualMachines/jdk1.8.0_51.jdk/Contents/Home/jre/lib/ext/sunpkcs11.jar:/Library/Java/JavaVirtualMachines/jdk1.8.0_51.jdk/Contents/Home/jre/lib/ext/zipfs.jar:/Library/Java/JavaVirtualMachines/jdk1.8.0_51.jdk/Contents/Home/jre/lib/javaws.jar:/Library/Java/JavaVirtualMachines/jdk1.8.0_51.jdk/Contents/Home/jre/lib/jce.jar:/Library/Java/JavaVirtualMachines/jdk1.8.0_51.jdk/Contents/Home/jre/lib/jfr.jar:/Library/Java/JavaVirtualMachines/jdk1.8.0_51.jdk/Contents/Home/jre/lib/jfxswt.jar:/Library/Java/JavaVirtualMachines/jdk1.8.0_51.jdk/Contents/Home/jre/lib/jsse.jar:/Library/Java/JavaVirtualMachines/jdk1.8.0_51.jdk/Contents/Home/jre/lib/management-agent.jar:/Library/Java/JavaVirtualMachines/jdk1.8.0_51.jdk/Contents/Home/jre/lib/plugin.jar:/Library/Java/JavaVirtualMachines/jdk1.8.0_51.jdk/Contents/Home/jre/lib/resources.jar:/Library/Java/JavaVirtualMachines/jdk1.8.0_51.jdk/Contents/Home/jre/lib/rt.jar:/Library/Java/JavaVirtualMachines/jdk1.8.0_51.jdk/Contents/Home/lib/ant-javafx.jar:/Library/Java/JavaVirtualMachines/jdk1.8.0_51
Launcher Type: SUN_STANDARD

Environment Variables:
JAVA_HOME=/Library/Java/JavaVirtualMachines/jdk1.8.0_51.jdk/Contents/Home
PATH=/Library/Frameworks/Python.framework/Versions/3.5/bin:/Users/jeremy/.rvm/gems/ruby-2.3.1/bin:/Users/jeremy/.rvm/gems/ruby-2.3.1@global/bin:/Users/jeremy/.rvm/rubies/ruby-2.3.1/bin:/usr/local/bin:/usr/bin:/bin:/usr/sbin:/sbin:/opt/X11/bin:/Library/Frameworks/Mono.framework/Versions/Current/Commands:/Applications/VMware Fusion.app/Contents/Library/VMware OVF Tool/:/Users/jeremy/Library/confluent/latest/bin:/Users/jeremy/.rvm/bin
SHELL=/bin/bash
DISPLAY=/private/tmp/com.apple.launchd.tmthupRYD2/org.macosforge.xquartz:0

Signal Handlers:
SIGSEGV: [libjvm.dylib+0x58ef35], sa_mask[0]=11111111011111110111111111111111, sa_flags=SA_ONSTACK|SA_RESTART|SA_SIGINFO
SIGBUS: [libjvm.dylib+0x58ef35], sa_mask[0]=11111111011111110111111111111111, sa_flags=SA_RESTART|SA_SIGINFO
SIGFPE: [libjvm.dylib+0x46c028], sa_mask[0]=11111111011111110111111111111111, sa_flags=SA_RESTART|SA_SIGINFO
SIGPIPE: SIG_IGN, sa_mask[0]=00000000000000000000000000000000, sa_flags=SA_RESTART
SIGXFSZ: [libjvm.dylib+0x46c028], sa_mask[0]=11111111011111110111111111111111, sa_flags=SA_RESTART|SA_SIGINFO
SIGILL: [libjvm.dylib+0x46c028], sa_mask[0]=11111111011111110111111111111111, sa_flags=SA_RESTART|SA_SIGINFO
SIGUSR1: SIG_DFL, sa_mask[0]=00000000000000000000000000000000, sa_flags=none
SIGUSR2: [libjvm.dylib+0x46bb46], sa_mask[0]=00100000000000000000000000000000, sa_flags=SA_RESTART|SA_SIGINFO
SIGHUP: [libjvm.dylib+0x46a119], sa_mask[0]=11111111011111110111111111111111, sa_flags=SA_RESTART|SA_SIGINFO
SIGINT: [libjvm.dylib+0x46a119], sa_mask[0]=00000000000000000000000000000000, sa_flags=SA_RESTART|SA_SIGINFO
SIGTERM: [libjvm.dylib+0x46a119], sa_mask[0]=11111111011111110111111111111111, sa_flags=SA_RESTART|SA_SIGINFO
SIGQUIT: [libjvm.dylib+0x46a119], sa_mask[0]=11111111011111110111111111111111, sa_flags=SA_RESTART|SA_SIGINFO


---------------  S Y S T E M  ---------------

OS:Bsduname:Darwin 16.0.0 Darwin Kernel Version 16.0.0: Mon Aug 29 17:56:20 PDT 2016; root:xnu-3789.1.32~3/RELEASE_X86_64 x86_64
rlimit: STACK 8192k, CORE 0k, NPROC 709, NOFILE 10240, AS infinity
load average:2.78 2.05 1.74

CPU:total 8 (4 cores per cpu, 2 threads per core) family 6 model 70 stepping 1, cmov, cx8, fxsr, mmx, sse, sse2, sse3, ssse3, sse4.1, sse4.2, popcnt, avx, avx2, aes, clmul, erms, lzcnt, ht, tsc, tscinvbit, bmi1, bmi2

Memory: 4k page, physical 16777216k(61324k free)

/proc/meminfo:


vm_info: Java HotSpot(TM) 64-Bit Server VM (25.51-b03) for bsd-amd64 JRE (1.8.0_51-b16), built on Jun  8 2015 18:01:11 by "java_re" with gcc 4.2.1 (Based on Apple Inc. build 5658) (LLVM build 2336.11.00)

time: Mon Jan  2 11:05:21 2017
elapsed time: 95 seconds (0d 0h 1m 35s)

